<?xml version="1.0" encoding="UTF-8"?>
<!-- Generated by org.testng.reporters.JUnitXMLReporter -->
<testsuite ignored="4" hostname="macReports" failures="0" tests="1" name="positiveLoginTest" time="14.727" errors="0" timestamp="2023-10-10T22:50:04 EDT">
  <testcase classname="usingtestng_swaglab.DiffirentLoginTests" name="positiveLogInandOut" time="14.696"/>
  <testcase classname="usingtestng_swaglab.DiffirentLoginTests" name="wrongPasswordTest" time="0.0">
    <ignored/>
  </testcase> <!-- wrongPasswordTest -->
  <testcase classname="usingtestng_swaglab.DiffirentLoginTests" name="LockedOutUserTest" time="0.0">
    <ignored/>
  </testcase> <!-- LockedOutUserTest -->
  <testcase classname="usingtestng_swaglab.DiffirentLoginTests" name="problemUserTest" time="0.0">
    <ignored/>
  </testcase> <!-- problemUserTest -->
  <testcase classname="usingtestng_swaglab.DiffirentLoginTests" name="wrongUsernameTest" time="0.0">
    <ignored/>
  </testcase> <!-- wrongUsernameTest -->
</testsuite> <!-- positiveLoginTest -->
