<?xml version="1.0" encoding="UTF-8"?>
<!-- Generated by org.testng.reporters.JUnitXMLReporter -->
<testsuite ignored="4" hostname="macReports" failures="0" tests="2" name="Test" time="0.038" errors="0" timestamp="2023-10-11T21:50:10 EDT">
  <testcase classname="testng_controlflow.HelloHiBye" name="methodHiBye" time="0.007"/>
  <testcase classname="testng_controlflow.HelloHiBye" name="methodNeither" time="0.001"/>
  <testcase classname="testng_controlflow.HelloHiBye" name="methodHelloHi" time="0.0">
    <ignored/>
  </testcase> <!-- methodHelloHi -->
  <testcase classname="testng_controlflow.HelloHiBye" name="methodHelloTwo" time="0.0">
    <ignored/>
  </testcase> <!-- methodHelloTwo -->
  <testcase classname="testng_controlflow.HelloHiBye" name="methodHelloOne" time="0.0">
    <ignored/>
  </testcase> <!-- methodHelloOne -->
  <testcase classname="testng_controlflow.HelloHiBye" name="methodHelloHiBye" time="0.0">
    <ignored/>
  </testcase> <!-- methodHelloHiBye -->
</testsuite> <!-- Test -->
