<?xml version="1.0" encoding="UTF-8"?>
<!-- Generated by org.testng.reporters.JUnitXMLReporter -->
<testsuite ignored="0" hostname="macReports" failures="0" tests="5" name="Default test" time="59.239" errors="0" timestamp="2023-11-14T22:43:43 EST">
  <testcase classname="testng_controlflow.Part2Groups" name="positiveLogInandOut" time="14.73"/>
  <testcase classname="testng_controlflow.Part2Groups" name="problemUserTest" time="10.414"/>
  <testcase classname="testng_controlflow.Part2Groups" name="wrongUsernameTest" time="13.044"/>
  <testcase classname="testng_controlflow.Part2Groups" name="wrongPasswordTest" time="10.449"/>
  <testcase classname="testng_controlflow.Part2Groups" name="LockedOutUserTest" time="10.539"/>
</testsuite> <!-- Default test -->
