<?xml version="1.0" encoding="UTF-8"?>
<!-- Generated by org.testng.reporters.JUnitXMLReporter -->
<testsuite ignored="2" hostname="macReports" failures="0" tests="3" name="xml3" time="37.044" errors="0" timestamp="2023-10-10T23:03:25 EDT">
  <testcase classname="usingtestng_swaglab.DiffirentLoginTests" name="wrongUsernameTest" time="12.681"/>
  <testcase classname="usingtestng_swaglab.DiffirentLoginTests" name="wrongPasswordTest" time="12.182"/>
  <testcase classname="usingtestng_swaglab.DiffirentLoginTests" name="LockedOutUserTest" time="12.148"/>
  <testcase classname="usingtestng_swaglab.DiffirentLoginTests" name="positiveLogInandOut" time="0.0">
    <ignored/>
  </testcase> <!-- positiveLogInandOut -->
  <testcase classname="usingtestng_swaglab.DiffirentLoginTests" name="problemUserTest" time="0.0">
    <ignored/>
  </testcase> <!-- problemUserTest -->
</testsuite> <!-- xml3 -->
