<?xml version="1.0" encoding="UTF-8"?>
<testng-results ignored="0" total="1" passed="1" failed="0" skipped="0">
  <reporter-output>
    <line>
      <![CDATA[Submiting choosen paramaters]]>
    </line>
    <line>
      <![CDATA[
Reviewing Busket]]>
    </line>
    <line>
      <![CDATA[Compare expectedMessage to actualMessage ]]>
    </line>
  </reporter-output>
  <suite started-at="2024-01-02T04:32:45 EST" name="Default suite" finished-at="2024-01-02T04:33:36 EST" duration-ms="50293">
    <groups>
    </groups>
    <test started-at="2024-01-02T04:32:45 EST" name="Default test" finished-at="2024-01-02T04:33:36 EST" duration-ms="50293">
      <class name="quiz.AppleBagItmes">
        <test-method is-config="true" signature="setUp()[pri:0, instance:quiz.AppleBagItmes@475e586c]" started-at="2024-01-02T04:32:45 EST" name="setUp" finished-at="2024-01-02T04:32:52 EST" duration-ms="6934" status="PASS">
          <reporter-output>
          </reporter-output>
        </test-method> <!-- setUp -->
        <test-method signature="byingMacBookAir()[pri:0, instance:quiz.AppleBagItmes@475e586c]" started-at="2024-01-02T04:32:52 EST" name="byingMacBookAir" finished-at="2024-01-02T04:33:30 EST" duration-ms="38170" status="PASS">
          <reporter-output>
            <line>
              <![CDATA[Submiting choosen paramaters]]>
            </line>
            <line>
              <![CDATA[
Reviewing Busket]]>
            </line>
            <line>
              <![CDATA[Compare expectedMessage to actualMessage ]]>
            </line>
          </reporter-output>
        </test-method> <!-- byingMacBookAir -->
        <test-method is-config="true" signature="tearDown()[pri:0, instance:quiz.AppleBagItmes@475e586c]" started-at="2024-01-02T04:33:30 EST" name="tearDown" finished-at="2024-01-02T04:33:36 EST" duration-ms="5156" status="PASS">
          <reporter-output>
          </reporter-output>
        </test-method> <!-- tearDown -->
      </class> <!-- quiz.AppleBagItmes -->
    </test> <!-- Default test -->
  </suite> <!-- Default suite -->
</testng-results>
