<?xml version="1.0" encoding="UTF-8"?>
<testng-results ignored="0" total="1" passed="1" failed="0" skipped="0">
  <reporter-output>
    <line>
      <![CDATA[Submiting choosen paramaters]]>
    </line>
    <line>
      <![CDATA[
Reviewing Busket]]>
    </line>
    <line>
      <![CDATA[Compare expectedMessage to actualMessage ]]>
    </line>
  </reporter-output>
  <suite started-at="2023-10-17T09:32:25 EDT" name="Default suite" finished-at="2023-10-17T09:33:19 EDT" duration-ms="53953">
    <groups>
    </groups>
    <test started-at="2023-10-17T09:32:25 EDT" name="Default test" finished-at="2023-10-17T09:33:19 EDT" duration-ms="53953">
      <class name="quiz.AppleBagItmes">
        <test-method is-config="true" signature="setUp()[pri:0, instance:quiz.AppleBagItmes@475e586c]" started-at="2023-10-17T09:32:25 EDT" name="setUp" finished-at="2023-10-17T09:32:30 EDT" duration-ms="5496" status="PASS">
          <reporter-output>
          </reporter-output>
        </test-method> <!-- setUp -->
        <test-method signature="byingMacBookAir()[pri:0, instance:quiz.AppleBagItmes@475e586c]" started-at="2023-10-17T09:32:30 EDT" name="byingMacBookAir" finished-at="2023-10-17T09:33:14 EDT" duration-ms="43272" status="PASS">
          <reporter-output>
            <line>
              <![CDATA[Submiting choosen paramaters]]>
            </line>
            <line>
              <![CDATA[
Reviewing Busket]]>
            </line>
            <line>
              <![CDATA[Compare expectedMessage to actualMessage ]]>
            </line>
          </reporter-output>
        </test-method> <!-- byingMacBookAir -->
        <test-method is-config="true" signature="tearDown()[pri:0, instance:quiz.AppleBagItmes@475e586c]" started-at="2023-10-17T09:33:14 EDT" name="tearDown" finished-at="2023-10-17T09:33:19 EDT" duration-ms="5155" status="PASS">
          <reporter-output>
          </reporter-output>
        </test-method> <!-- tearDown -->
      </class> <!-- quiz.AppleBagItmes -->
    </test> <!-- Default test -->
  </suite> <!-- Default suite -->
</testng-results>
