<?xml version="1.0" encoding="UTF-8"?>
<!-- Generated by org.testng.reporters.JUnitXMLReporter -->
<testsuite ignored="0" hostname="macReports" failures="0" tests="5" name="xml1" time="65.406" errors="0" timestamp="2023-10-10T23:30:45 EDT">
  <testcase classname="usingtestng_swaglab.DiffirentLoginTests" name="positiveLogInandOut" time="14.701"/>
  <testcase classname="usingtestng_swaglab.DiffirentLoginTests" name="problemUserTest" time="14.24"/>
  <testcase classname="usingtestng_swaglab.DiffirentLoginTests" name="wrongUsernameTest" time="12.119"/>
  <testcase classname="usingtestng_swaglab.DiffirentLoginTests" name="wrongPasswordTest" time="12.153"/>
  <testcase classname="usingtestng_swaglab.DiffirentLoginTests" name="LockedOutUserTest" time="12.157"/>
</testsuite> <!-- xml1 -->
