<?xml version="1.0" encoding="UTF-8"?>
<!-- Generated by org.testng.reporters.JUnitXMLReporter -->
<testsuite ignored="2" hostname="macReports" failures="0" tests="3" name="NegativeScenarios" time="36.273" errors="0" timestamp="2023-10-05T17:57:01 EDT">
  <testcase classname="usingtestng_swaglab.DiffirentLoginTests" name="wrongUsernameTest" time="12.114"/>
  <testcase classname="usingtestng_swaglab.DiffirentLoginTests" name="wrongPasswordTest" time="12.092"/>
  <testcase classname="usingtestng_swaglab.DiffirentLoginTests" name="LockedOutUserTest" time="12.06"/>
  <testcase classname="usingtestng_swaglab.DiffirentLoginTests" name="positiveLogInandOut" time="0.0">
    <ignored/>
  </testcase> <!-- positiveLogInandOut -->
  <testcase classname="usingtestng_swaglab.DiffirentLoginTests" name="problemUserTest" time="0.0">
    <ignored/>
  </testcase> <!-- problemUserTest -->
</testsuite> <!-- NegativeScenarios -->
