<?xml version="1.0" encoding="UTF-8"?>
<!-- Generated by org.testng.reporters.JUnitXMLReporter -->
<testsuite ignored="2" hostname="macReports" failures="0" tests="3" name="Test" time="33.183" errors="0" timestamp="2023-10-16T09:11:11 EDT">
  <testcase classname="testng_controlflow.Part2Groups" name="wrongUsernameTest" time="12.501"/>
  <testcase classname="testng_controlflow.Part2Groups" name="wrongPasswordTest" time="10.272"/>
  <testcase classname="testng_controlflow.Part2Groups" name="LockedOutUserTest" time="10.367"/>
  <testcase classname="testng_controlflow.Part2Groups" name="positiveLogInandOut" time="0.0">
    <ignored/>
  </testcase> <!-- positiveLogInandOut -->
  <testcase classname="testng_controlflow.Part2Groups" name="problemUserTest" time="0.0">
    <ignored/>
  </testcase> <!-- problemUserTest -->
</testsuite> <!-- Test -->
