<?xml version="1.0" encoding="UTF-8"?>
<!-- Generated by org.testng.reporters.JUnitXMLReporter -->
<testsuite ignored="2" hostname="macReports" failures="0" tests="3" name="TestTwo" time="36.367" errors="0" timestamp="2023-09-29T18:48:20 EDT">
  <testcase classname="usingtestng_swaglab.DiffirentLoginTests" name="wrongUsernameTest" time="12.116"/>
  <testcase classname="usingtestng_swaglab.DiffirentLoginTests" name="wrongPasswordTest" time="12.142"/>
  <testcase classname="usingtestng_swaglab.DiffirentLoginTests" name="LockedOutUserTest" time="12.104"/>
  <testcase classname="usingtestng_swaglab.DiffirentLoginTests" name="positiveLogInandOut" time="0.0">
    <ignored/>
  </testcase> <!-- positiveLogInandOut -->
  <testcase classname="usingtestng_swaglab.DiffirentLoginTests" name="problemUserTest" time="0.0">
    <ignored/>
  </testcase> <!-- problemUserTest -->
</testsuite> <!-- TestTwo -->
