<?xml version="1.0" encoding="UTF-8"?>
<!-- Generated by org.testng.reporters.JUnitXMLReporter -->
<testsuite ignored="2" hostname="macReports" failures="0" tests="4" name="Test" time="0.041" errors="0" timestamp="2023-10-11T20:59:34 EDT">
  <testcase classname="testng_controlflow.HelloHiBye" name="methodHelloHi" time="0.006"/>
  <testcase classname="testng_controlflow.HelloHiBye" name="methodHelloHiBye" time="0.0"/>
  <testcase classname="testng_controlflow.HelloHiBye" name="methodHelloOne" time="0.001"/>
  <testcase classname="testng_controlflow.HelloHiBye" name="methodHelloTwo" time="0.001"/>
  <testcase classname="testng_controlflow.HelloHiBye" name="methodHiBye" time="0.0">
    <ignored/>
  </testcase> <!-- methodHiBye -->
  <testcase classname="testng_controlflow.HelloHiBye" name="methodNeither" time="0.0">
    <ignored/>
  </testcase> <!-- methodNeither -->
</testsuite> <!-- Test -->
