<?xml version="1.0" encoding="UTF-8"?>
<!-- Generated by org.testng.reporters.JUnitXMLReporter -->
<testsuite ignored="5" hostname="macReports" failures="0" tests="1" name="Test" time="0.044" errors="0" timestamp="2023-10-13T23:15:46 EDT">
  <testcase classname="testng_controlflow.HelloHiBye" name="methodNeither" time="0.008"/>
  <testcase classname="testng_controlflow.HelloHiBye" name="methodHelloHi" time="0.0">
    <ignored/>
  </testcase> <!-- methodHelloHi -->
  <testcase classname="testng_controlflow.HelloHiBye" name="methodHiBye" time="0.0">
    <ignored/>
  </testcase> <!-- methodHiBye -->
  <testcase classname="testng_controlflow.HelloHiBye" name="methodHelloTwo" time="0.0">
    <ignored/>
  </testcase> <!-- methodHelloTwo -->
  <testcase classname="testng_controlflow.HelloHiBye" name="methodHelloOne" time="0.0">
    <ignored/>
  </testcase> <!-- methodHelloOne -->
  <testcase classname="testng_controlflow.HelloHiBye" name="methodHelloHiBye" time="0.0">
    <ignored/>
  </testcase> <!-- methodHelloHiBye -->
</testsuite> <!-- Test -->
